# JRE version: Java(TM) SE Runtime Environment (8.0_45-b14) (build 1.8.0_45-b14)
# Java VM: Java HotSpot(TM) 64-Bit Server VM (25.45-b02 mixed mode bsd-amd64 compressed oops)
Heap:
 PSYoungGen      total 340480K, used 321874K [0x00000007aab00000, 0x00000007c0000000, 0x00000007c0000000)
  eden space 331776K, 97% used [0x00000007aab00000,0x00000007be554aa0,0x00000007bef00000)
  from space 8704K, 0% used [0x00000007bef00000,0x00000007bef00000,0x00000007bf780000)
  to   space 8704K, 0% used [0x00000007bf780000,0x00000007bf780000,0x00000007c0000000)
 ParOldGen       total 699392K, used 699229K [0x0000000780000000, 0x00000007aab00000, 0x00000007aab00000)
  object space 699392K, 99% used [0x0000000780000000,0x00000007aaad7438,0x00000007aab00000)
 Metaspace       used 61571K, capacity 62126K, committed 62640K, reserved 1103872K
  class space    used 8921K, capacity 9068K, committed 9136K, reserved 1048576K
GC Heap History (10 events):
Event: 7827.065 GC heap before
{Heap before GC invocations=7206 (full 5317):
 PSYoungGen      total 340480K, used 331776K [0x00000007aab00000, 0x00000007c0000000, 0x00000007c0000000)
  eden space 331776K, 100% used [0x00000007aab00000,0x00000007bef00000,0x00000007bef00000)
  from space 8704K, 0% used [0x00000007bef00000,0x00000007bef00000,0x00000007bf780000)
  to   space 8704K, 0% used [0x00000007bf780000,0x00000007bf780000,0x00000007c0000000)
 ParOldGen       total 699392K, used 699259K [0x0000000780000000, 0x00000007aab00000, 0x00000007aab00000)
  object space 699392K, 99% used [0x0000000780000000,0x00000007aaadee60,0x00000007aab00000)
 Metaspace       used 61320K, capacity 61902K, committed 62384K, reserved 1101824K
  class space    used 8861K, capacity 9036K, committed 9136K, reserved 1048576K
Event: 7827.856 GC heap after
Heap after GC invocations=7206 (full 5317):
 PSYoungGen      total 340480K, used 290912K [0x00000007aab00000, 0x00000007c0000000, 0x00000007c0000000)
  eden space 331776K, 87% used [0x00000007aab00000,0x00000007bc718270,0x00000007bef00000)
  from space 8704K, 0% used [0x00000007bef00000,0x00000007bef00000,0x00000007bf780000)
  to   space 8704K, 0% used [0x00000007bf780000,0x00000007bf780000,0x00000007c0000000)
 ParOldGen       total 699392K, used 699259K [0x0000000780000000, 0x00000007aab00000, 0x00000007aab00000)
  object space 699392K, 99% used [0x0000000780000000,0x00000007aaadee60,0x00000007aab00000)
 Metaspace       used 61320K, capacity 61902K, committed 62384K, reserved 1101824K
  class space    used 8861K, capacity 9036K, committed 9136K, reserved 1048576K
}
Event: 7827.950 GC heap before
{Heap before GC invocations=7207 (full 5318):
 PSYoungGen      total 340480K, used 331776K [0x00000007aab00000, 0x00000007c0000000, 0x00000007c0000000)
  eden space 331776K, 100% used [0x00000007aab00000,0x00000007bef00000,0x00000007bef00000)
  from space 8704K, 0% used [0x00000007bef00000,0x00000007bef00000,0x00000007bf780000)
  to   space 8704K, 0% used [0x00000007bf780000,0x00000007bf780000,0x00000007c0000000)
 ParOldGen       total 699392K, used 699259K [0x0000000780000000, 0x00000007aab00000, 0x00000007aab00000)
  object space 699392K, 99% used [0x0000000780000000,0x00000007aaadee60,0x00000007aab00000)
 Metaspace       used 61320K, capacity 61902K, committed 62384K, reserved 1101824K
  class space    used 8861K, capacity 9036K, committed 9136K, reserved 1048576K
Event: 7828.676 GC heap after
Heap after GC invocations=7207 (full 5318):
 PSYoungGen      total 340480K, used 291133K [0x00000007aab00000, 0x00000007c0000000, 0x00000007c0000000)
  eden space 331776K, 87% used [0x00000007aab00000,0x00000007bc74f620,0x00000007bef00000)
  from space 8704K, 0% used [0x00000007bef00000,0x00000007bef00000,0x00000007bf780000)
  to   space 8704K, 0% used [0x00000007bf780000,0x00000007bf780000,0x00000007c0000000)
 ParOldGen       total 699392K, used 699259K [0x0000000780000000, 0x00000007aab00000, 0x00000007aab00000)
  object space 699392K, 99% used [0x0000000780000000,0x00000007aaadee60,0x00000007aab00000)
 Metaspace       used 61320K, capacity 61902K, committed 62384K, reserved 1101824K
  class space    used 8861K, capacity 9036K, committed 9136K, reserved 1048576K
}
Event: 7828.834 GC heap before
{Heap before GC invocations=7208 (full 5319):
 PSYoungGen      total 340480K, used 331776K [0x00000007aab00000, 0x00000007c0000000, 0x00000007c0000000)
  eden space 331776K, 100% used [0x00000007aab00000,0x00000007bef00000,0x00000007bef00000)
  from space 8704K, 0% used [0x00000007bef00000,0x00000007bef00000,0x00000007bf780000)
  to   space 8704K, 0% used [0x00000007bf780000,0x00000007bf780000,0x00000007c0000000)
 ParOldGen       total 699392K, used 699259K [0x0000000780000000, 0x00000007aab00000, 0x00000007aab00000)
  object space 699392K, 99% used [0x0000000780000000,0x00000007aaadee60,0x00000007aab00000)
 Metaspace       used 61320K, capacity 61902K, committed 62384K, reserved 1101824K
  class space    used 8861K, capacity 9036K, committed 9136K, reserved 1048576K
Event: 7829.572 GC heap after
Heap after GC invocations=7208 (full 5319):
 PSYoungGen      total 340480K, used 290795K [0x00000007aab00000, 0x00000007c0000000, 0x00000007c0000000)
  eden space 331776K, 87% used [0x00000007aab00000,0x00000007bc6fac18,0x00000007bef00000)
  from space 8704K, 0% used [0x00000007bef00000,0x00000007bef00000,0x00000007bf780000)
  to   space 8704K, 0% used [0x00000007bf780000,0x00000007bf780000,0x00000007c0000000)
 ParOldGen       total 699392K, used 699259K [0x0000000780000000, 0x00000007aab00000, 0x00000007aab00000)
  object space 699392K, 99% used [0x0000000780000000,0x00000007aaadee60,0x00000007aab00000)
 Metaspace       used 61320K, capacity 61902K, committed 62384K, reserved 1101824K
  class space    used 8861K, capacity 9036K, committed 9136K, reserved 1048576K
}
Event: 7829.658 GC heap before
{Heap before GC invocations=7209 (full 5320):
 PSYoungGen      total 340480K, used 331776K [0x00000007aab00000, 0x00000007c0000000, 0x00000007c0000000)
  eden space 331776K, 100% used [0x00000007aab00000,0x00000007bef00000,0x00000007bef00000)
  from space 8704K, 0% used [0x00000007bef00000,0x00000007bef00000,0x00000007bf780000)
  to   space 8704K, 0% used [0x00000007bf780000,0x00000007bf780000,0x00000007c0000000)
 ParOldGen       total 699392K, used 699259K [0x0000000780000000, 0x00000007aab00000, 0x00000007aab00000)
  object space 699392K, 99% used [0x0000000780000000,0x00000007aaadee60,0x00000007aab00000)
 Metaspace       used 61352K, capacity 61902K, committed 62384K, reserved 1101824K
  class space    used 8870K, capacity 9036K, committed 9136K, reserved 1048576K
Event: 7831.217 GC heap after
Heap after GC invocations=7209 (full 5320):
 PSYoungGen      total 340480K, used 290950K [0x00000007aab00000, 0x00000007c0000000, 0x00000007c0000000)
  eden space 331776K, 87% used [0x00000007aab00000,0x00000007bc7219f8,0x00000007bef00000)
  from space 8704K, 0% used [0x00000007bef00000,0x00000007bef00000,0x00000007bf780000)
  to   space 8704K, 0% used [0x00000007bf780000,0x00000007bf780000,0x00000007c0000000)
 ParOldGen       total 699392K, used 699257K [0x0000000780000000, 0x00000007aab00000, 0x00000007aab00000)
  object space 699392K, 99% used [0x0000000780000000,0x00000007aaade458,0x00000007aab00000)
 Metaspace       used 61352K, capacity 61902K, committed 62384K, reserved 1101824K
  class space    used 8870K, capacity 9036K, committed 9136K, reserved 1048576K
}
Event: 7831.323 GC heap before
{Heap before GC invocations=7210 (full 5321):
 PSYoungGen      total 340480K, used 331776K [0x00000007aab00000, 0x00000007c0000000, 0x00000007c0000000)
  eden space 331776K, 100% used [0x00000007aab00000,0x00000007bef00000,0x00000007bef00000)
  from space 8704K, 0% used [0x00000007bef00000,0x00000007bef00000,0x00000007bf780000)
  to   space 8704K, 0% used [0x00000007bf780000,0x00000007bf780000,0x00000007c0000000)
 ParOldGen       total 699392K, used 699257K [0x0000000780000000, 0x00000007aab00000, 0x00000007aab00000)
  object space 699392K, 99% used [0x0000000780000000,0x00000007aaade458,0x00000007aab00000)
 Metaspace       used 61394K, capacity 61966K, committed 62384K, reserved 1101824K
  class space    used 8881K, capacity 9036K, committed 9136K, reserved 1048576K
Event: 7832.678 GC heap after
Heap after GC invocations=7210 (full 5321):
 PSYoungGen      total 340480K, used 290253K [0x00000007aab00000, 0x00000007c0000000, 0x00000007c0000000)
  eden space 331776K, 87% used [0x00000007aab00000,0x00000007bc6737f0,0x00000007bef00000)
  from space 8704K, 0% used [0x00000007bef00000,0x00000007bef00000,0x00000007bf780000)
  to   space 8704K, 0% used [0x00000007bf780000,0x00000007bf780000,0x00000007c0000000)
 ParOldGen       total 699392K, used 699229K [0x0000000780000000, 0x00000007aab00000, 0x00000007aab00000)
  object space 699392K, 99% used [0x0000000780000000,0x00000007aaad7438,0x00000007aab00000)
 Metaspace       used 61394K, capacity 61966K, committed 62384K, reserved 1101824K
  class space    used 8881K, capacity 9036K, committed 9136K, reserved 1048576K
}

